#
# There is insufficient memory for the Java Runtime Environment to continue.
# Native memory allocation (mmap) failed to map 33554432 bytes for Failed to commit area from 0x000000076ae00000 to 0x000000076ce00000 of length 33554432.
# Possible reasons:
#   The system is out of physical RAM or swap space
#   The process is running with CompressedOops enabled, and the Java Heap may be blocking the growth of the native heap
# Possible solutions:
#   Reduce memory load on the system
#   Increase physical memory or swap space
#   Check if swap backing store is full
#   Decrease Java heap size (-Xmx/-Xms)
#   Decrease number of Java threads
#   Decrease Java thread stack sizes (-Xss)
#   Set larger code cache with -XX:ReservedCodeCacheSize=
#   JVM is running with Zero Based Compressed Oops mode in which the Java heap is
#     placed in the first 32GB address space. The Java Heap base address is the
#     maximum limit for the native heap growth. Please use -XX:HeapBaseMinAddress
#     to set the Java Heap base and to place the Java Heap above 32GB virtual address.
# This output file may be truncated or incomplete.
#
#  Out of Memory Error (./open/src/hotspot/os/windows/os_windows.cpp:3271), pid=21036, tid=14076
#
# JRE version: Java(TM) SE Runtime Environment 18.9 (11.0.7+8) (build 11.0.7+8-LTS)
# Java VM: Java HotSpot(TM) 64-Bit Server VM 18.9 (11.0.7+8-LTS, mixed mode, tiered, compressed oops, g1 gc, windows-amd64)
# No core dump will be written. Minidumps are not enabled by default on client versions of Windows
#

---------------  S U M M A R Y ------------

Command Line: -javaagent:C:\Program Files\JetBrains\IntelliJ IDEA Community Edition 2023.1.2\lib\idea_rt.jar=62111:C:\Program Files\JetBrains\IntelliJ IDEA Community Edition 2023.1.2\bin -Dfile.encoding=UTF-8 net.Todo.springboot.Application

Host: AMD Ryzen 5 3500U with Radeon Vega Mobile Gfx  , 8 cores, 9G,  Windows 10 , 64 bit Build 19041 (10.0.19041.2913)
Time: Fri Jun  9 17:40:06 2023 Pacific Daylight Time elapsed time: 13 seconds (0d 0h 0m 13s)

---------------  T H R E A D  ---------------

Current thread (0x0000020282ab3000):  VMThread "VM Thread" [stack: 0x0000007714e00000,0x0000007714f00000] [id=14076]

Stack: [0x0000007714e00000,0x0000007714f00000]
[error occurred during error reporting (printing stack bounds), id 0xc0000005, EXCEPTION_ACCESS_VIOLATION (0xc0000005) at pc=0x00000202eae60bad]

Native frames: (J=compiled Java code, j=interpreted, Vv=VM code, C=native code)
V  [jvm.dll+0x661a7a]
V  [jvm.dll+0x7a1b2f]
V  [jvm.dll+0x7a31d5]
V  [jvm.dll+0x7a37a5]
V  [jvm.dll+0x7a375b]
V  [jvm.dll+0x661176]
V  [jvm.dll+0x661548]
C  [ntdll.dll+0xa23df]
C  [ntdll.dll+0x514a4]
C  [ntdll.dll+0xa0f0e]
C  0x00000202eae60bad

VM_Operation (0x00000077148fd890): G1CollectForAllocation, mode: safepoint, requested by thread 0x00000202e2a57800


---------------  P R O C E S S  ---------------

Threads class SMR info:
_java_thread_list=0x0000020288308280, length=17, elements={
0x00000202e2a57800, 0x0000020282aba000, 0x00000202832ea800, 0x000002028333d800,
0x000002028333e800, 0x000002028333f800, 0x0000020283342800, 0x000002028334d000,
0x00000202834c0800, 0x0000020283a33000, 0x0000020283a34000, 0x0000020284d40800,
0x0000020288e84800, 0x0000020285004000, 0x0000020288da0000, 0x00000202834ec000,
0x0000020286721800
}

Java Threads: ( => current thread )
  0x00000202e2a57800 JavaThread "main" [_thread_blocked, id=4504, stack(0x0000007714800000,0x0000007714900000)]
  0x0000020282aba000 JavaThread "Reference Handler" daemon [_thread_blocked, id=15344, stack(0x0000007714f00000,0x0000007715000000)]
  0x00000202832ea800 JavaThread "Finalizer" daemon [_thread_blocked, id=28456, stack(0x0000007715000000,0x0000007715100000)]
  0x000002028333d800 JavaThread "Signal Dispatcher" daemon [_thread_blocked, id=16468, stack(0x0000007715100000,0x0000007715200000)]
  0x000002028333e800 JavaThread "Attach Listener" daemon [_thread_blocked, id=29052, stack(0x0000007715200000,0x0000007715300000)]
  0x000002028333f800 JavaThread "C2 CompilerThread0" daemon [_thread_in_native, id=12884, stack(0x0000007715300000,0x0000007715400000)]
  0x0000020283342800 JavaThread "C1 CompilerThread0" daemon [_thread_blocked, id=13340, stack(0x0000007715400000,0x0000007715500000)]
  0x000002028334d000 JavaThread "Sweeper thread" daemon [_thread_blocked, id=23932, stack(0x0000007715500000,0x0000007715600000)]
  0x00000202834c0800 JavaThread "Common-Cleaner" daemon [_thread_blocked, id=16648, stack(0x0000007715600000,0x0000007715700000)]
  0x0000020283a33000 JavaThread "Monitor Ctrl-Break" daemon [_thread_in_native, id=15076, stack(0x0000007715800000,0x0000007715900000)]
  0x0000020283a34000 JavaThread "Service Thread" daemon [_thread_blocked, id=29684, stack(0x0000007715900000,0x0000007715a00000)]
  0x0000020284d40800 JavaThread "Catalina-utility-1" [_thread_blocked, id=24688, stack(0x0000007715d00000,0x0000007715e00000)]
  0x0000020288e84800 JavaThread "Catalina-utility-2" [_thread_blocked, id=3556, stack(0x0000007716000000,0x0000007716100000)]
  0x0000020285004000 JavaThread "container-0" [_thread_blocked, id=16800, stack(0x0000007716100000,0x0000007716200000)]
  0x0000020288da0000 JavaThread "mysql-cj-abandoned-connection-cleanup" daemon [_thread_blocked, id=20752, stack(0x0000007716200000,0x0000007716300000)]
  0x00000202834ec000 JavaThread "HikariPool-1 housekeeper" daemon [_thread_blocked, id=8472, stack(0x0000007716700000,0x0000007716800000)]
  0x0000020286721800 JavaThread "HikariPool-1 connection adder" daemon [_thread_blocked, id=30272, stack(0x0000007716800000,0x0000007716900000)]

Other Threads:
=>0x0000020282ab3000 VMThread "VM Thread" [stack: 0x0000007714e00000,0x0000007714f00000] [id=14076]
  0x0000020283a37000 WatcherThread [stack: 0x0000007715a00000,0x0000007715b00000] [id=30628]
  0x00000202e2a6f800 GCTaskThread "GC Thread#0" [stack: 0x0000007714900000,0x0000007714a00000] [id=10064]
  0x0000020284137000 GCTaskThread "GC Thread#1" [stack: 0x0000007715700000,0x0000007715800000] [id=31044]
  0x0000020283fb2000 GCTaskThread "GC Thread#2" [stack: 0x0000007715b00000,0x0000007715c00000] [id=14408]
  0x000002028430f000 GCTaskThread "GC Thread#3" [stack: 0x0000007715e00000,0x0000007715f00000] [id=30280]
  0x0000020287133800 GCTaskThread "GC Thread#4" [stack: 0x0000007715c00000,0x0000007715d00000] [id=28484]
  0x0000020284e97000 GCTaskThread "GC Thread#5" [stack: 0x0000007716300000,0x0000007716400000] [id=26340]
  0x0000020286c0f800 GCTaskThread "GC Thread#6" [stack: 0x0000007716400000,0x0000007716500000] [id=15460]
  0x0000020286c49800 GCTaskThread "GC Thread#7" [stack: 0x0000007716500000,0x0000007716600000] [id=10508]
  0x00000202e2aab800 ConcurrentGCThread "G1 Main Marker" [stack: 0x0000007714a00000,0x0000007714b00000] [id=6000]
  0x00000202e2aad000 ConcurrentGCThread "G1 Conc#0" [stack: 0x0000007714b00000,0x0000007714c00000] [id=28280]
  0x0000020284853000 ConcurrentGCThread "G1 Conc#1" [stack: 0x0000007715f00000,0x0000007716000000] [id=12812]
  0x00000202e2b2e000 ConcurrentGCThread "G1 Refine#0" [stack: 0x0000007714c00000,0x0000007714d00000] [id=25352]
  0x0000020282922800 ConcurrentGCThread "G1 Young RemSet Sampling" [stack: 0x0000007714d00000,0x0000007714e00000] [id=25212]

Threads with active compile tasks:
C2 CompilerThread04166       4       org.springframework.beans.factory.support.AbstractBeanFactory::isTypeMatch (607 bytes)

VM state:at safepoint (normal execution)

VM Mutex/Monitor currently owned by a thread:  ([mutex/lock_event])
[0x00000202e2a533e0] Threads_lock - owner thread: 0x0000020282ab3000
[0x00000202e2a53860] Heap_lock - owner thread: 0x00000202e2a57800

Heap address: 0x0000000760e00000, size: 2546 MB, Compressed Oops mode: Zero based, Oop shift amount: 3
Narrow klass base: 0x0000000800000000, Narrow klass shift: 0
Compressed class space size: 1073741824 Address: 0x0000000800000000

Heap:
 garbage-first heap   total 196608K, used 21914K [0x0000000760e00000, 0x0000000800000000)
  region size 1024K, 12 young (12288K), 12 survivors (12288K)
 Metaspace       used 58179K, capacity 59689K, committed 59900K, reserved 1101824K
  class space    used 7372K, capacity 7976K, committed 8012K, reserved 1048576K
Heap Regions: E=young(eden), S=young(survivor), O=old, HS=humongous(starts), HC=humongous(continues), CS=collection set, F=free, A=archive, TAMS=top-at-mark-start (previous, next)
|   0|0x0000000760e00000, 0x0000000760f00000, 0x0000000760f00000|100%|HS|  |TAMS 0x0000000760f00000, 0x0000000760e00000| Complete 
|   1|0x0000000760f00000, 0x0000000761000000, 0x0000000761000000|100%| O|  |TAMS 0x0000000761000000, 0x0000000760f00000| Untracked 
|   2|0x0000000761000000, 0x0000000761100000, 0x0000000761100000|100%| O|  |TAMS 0x0000000761100000, 0x0000000761000000| Untracked 
|   3|0x0000000761100000, 0x0000000761200000, 0x0000000761200000|100%| O|  |TAMS 0x0000000761200000, 0x0000000761100000| Untracked 
|   4|0x0000000761200000, 0x0000000761300000, 0x0000000761300000|100%| O|  |TAMS 0x0000000761300000, 0x0000000761200000| Untracked 
|   5|0x0000000761300000, 0x0000000761400000, 0x0000000761400000|100%| O|  |TAMS 0x0000000761400000, 0x0000000761300000| Untracked 
|   6|0x0000000761400000, 0x0000000761500000, 0x0000000761500000|100%| O|  |TAMS 0x000000076144f600, 0x0000000761400000| Untracked 
|   7|0x0000000761500000, 0x0000000761600000, 0x0000000761600000|100%| O|  |TAMS 0x0000000761500000, 0x0000000761500000| Untracked 
|   8|0x0000000761600000, 0x0000000761700000, 0x0000000761700000|100%| O|  |TAMS 0x0000000761600000, 0x0000000761600000| Untracked 
|   9|0x0000000761700000, 0x0000000761766800, 0x0000000761800000| 40%| O|  |TAMS 0x0000000761700000, 0x0000000761700000| Untracked 
|  10|0x0000000761800000, 0x0000000761800000, 0x0000000761900000|  0%| F|  |TAMS 0x0000000761800000, 0x0000000761800000| Untracked 
|  11|0x0000000761900000, 0x0000000761900000, 0x0000000761a00000|  0%| F|  |TAMS 0x0000000761900000, 0x0000000761900000| Untracked 
|  12|0x0000000761a00000, 0x0000000761a00000, 0x0000000761b00000|  0%| F|  |TAMS 0x0000000761a00000, 0x0000000761a00000| Untracked 
|  13|0x0000000761b00000, 0x0000000761b00000, 0x0000000761c00000|  0%| F|  |TAMS 0x0000000761b00000, 0x0000000761b00000| Untracked 
|  14|0x0000000761c00000, 0x0000000761c00000, 0x0000000761d00000|  0%| F|  |TAMS 0x0000000761c00000, 0x0000000761c00000| Untracked 
|  15|0x0000000761d00000, 0x0000000761d00000, 0x0000000761e00000|  0%| F|  |TAMS 0x0000000761d00000, 0x0000000761d00000| Untracked 
|  16|0x0000000761e00000, 0x0000000761e00000, 0x0000000761f00000|  0%| F|  |TAMS 0x0000000761e00000, 0x0000000761e00000| Untracked 
|  17|0x0000000761f00000, 0x0000000761f00000, 0x0000000762000000|  0%| F|  |TAMS 0x0000000761f00000, 0x0000000761f00000| Untracked 
|  18|0x0000000762000000, 0x0000000762000000, 0x0000000762100000|  0%| F|  |TAMS 0x0000000762000000, 0x0000000762000000| Untracked 
|  19|0x0000000762100000, 0x0000000762100000, 0x0000000762200000|  0%| F|  |TAMS 0x0000000762100000, 0x0000000762100000| Untracked 
|  20|0x0000000762200000, 0x0000000762200000, 0x0000000762300000|  0%| F|  |TAMS 0x0000000762200000, 0x0000000762200000| Untracked 
|  21|0x0000000762300000, 0x0000000762300000, 0x0000000762400000|  0%| F|  |TAMS 0x0000000762300000, 0x0000000762300000| Untracked 
|  22|0x0000000762400000, 0x0000000762400000, 0x0000000762500000|  0%| F|  |TAMS 0x0000000762400000, 0x0000000762400000| Untracked 
|  23|0x0000000762500000, 0x0000000762500000, 0x0000000762600000|  0%| F|  |TAMS 0x0000000762500000, 0x0000000762500000| Untracked 
|  24|0x0000000762600000, 0x0000000762600000, 0x0000000762700000|  0%| F|  |TAMS 0x0000000762600000, 0x0000000762600000| Untracked 
|  25|0x0000000762700000, 0x0000000762700000, 0x0000000762800000|  0%| F|  |TAMS 0x0000000762700000, 0x0000000762700000| Untracked 
|  26|0x0000000762800000, 0x0000000762800000, 0x0000000762900000|  0%| F|  |TAMS 0x0000000762800000, 0x0000000762800000| Untracked 
|  27|0x0000000762900000, 0x0000000762900000, 0x0000000762a00000|  0%| F|  |TAMS 0x0000000762900000, 0x0000000762900000| Untracked 
|  28|0x0000000762a00000, 0x0000000762a00000, 0x0000000762b00000|  0%| F|  |TAMS 0x0000000762a00000, 0x0000000762a00000| Untracked 
|  29|0x0000000762b00000, 0x0000000762b00000, 0x0000000762c00000|  0%| F|  |TAMS 0x0000000762b00000, 0x0000000762b00000| Untracked 
|  30|0x0000000762c00000, 0x0000000762c00000, 0x0000000762d00000|  0%| F|  |TAMS 0x0000000762c00000, 0x0000000762c00000| Untracked 
|  31|0x0000000762d00000, 0x0000000762d00000, 0x0000000762e00000|  0%| F|  |TAMS 0x0000000762d00000, 0x0000000762d00000| Untracked 
|  32|0x0000000762e00000, 0x0000000762e00000, 0x0000000762f00000|  0%| F|  |TAMS 0x0000000762e00000, 0x0000000762e00000| Untracked 
|  33|0x0000000762f00000, 0x0000000762f00000, 0x0000000763000000|  0%| F|  |TAMS 0x0000000762f00000, 0x0000000762f00000| Untracked 
|  34|0x0000000763000000, 0x0000000763000000, 0x0000000763100000|  0%| F|  |TAMS 0x0000000763000000, 0x0000000763000000| Untracked 
|  35|0x0000000763100000, 0x0000000763100000, 0x0000000763200000|  0%| F|  |TAMS 0x0000000763100000, 0x0000000763100000| Untracked 
|  36|0x0000000763200000, 0x0000000763200000, 0x0000000763300000|  0%| F|  |TAMS 0x0000000763200000, 0x0000000763200000| Untracked 
|  37|0x0000000763300000, 0x0000000763300000, 0x0000000763400000|  0%| F|  |TAMS 0x0000000763300000, 0x0000000763300000| Untracked 
|  38|0x0000000763400000, 0x0000000763400000, 0x0000000763500000|  0%| F|  |TAMS 0x0000000763400000, 0x0000000763400000| Untracked 
|  39|0x0000000763500000, 0x0000000763500000, 0x0000000763600000|  0%| F|  |TAMS 0x0000000763500000, 0x0000000763500000| Untracked 
|  40|0x0000000763600000, 0x0000000763600000, 0x0000000763700000|  0%| F|  |TAMS 0x0000000763600000, 0x0000000763600000| Untracked 
|  41|0x0000000763700000, 0x0000000763700000, 0x0000000763800000|  0%| F|  |TAMS 0x0000000763700000, 0x0000000763700000| Untracked 
|  42|0x0000000763800000, 0x0000000763800000, 0x0000000763900000|  0%| F|  |TAMS 0x0000000763800000, 0x0000000763800000| Untracked 
|  43|0x0000000763900000, 0x0000000763900000, 0x0000000763a00000|  0%| F|  |TAMS 0x0000000763900000, 0x0000000763900000| Untracked 
|  44|0x0000000763a00000, 0x0000000763a00000, 0x0000000763b00000|  0%| F|  |TAMS 0x0000000763a00000, 0x0000000763a00000| Untracked 
|  45|0x0000000763b00000, 0x0000000763b00000, 0x0000000763c00000|  0%| F|  |TAMS 0x0000000763b00000, 0x0000000763b00000| Untracked 
|  46|0x0000000763c00000, 0x0000000763c00000, 0x0000000763d00000|  0%| F|  |TAMS 0x0000000763c00000, 0x0000000763c00000| Untracked 
|  47|0x0000000763d00000, 0x0000000763d00000, 0x0000000763e00000|  0%| F|  |TAMS 0x0000000763d00000, 0x0000000763d00000| Untracked 
|  48|0x0000000763e00000, 0x0000000763e00000, 0x0000000763f00000|  0%| F|  |TAMS 0x0000000763e00000, 0x0000000763e00000| Untracked 
|  49|0x0000000763f00000, 0x0000000763f00000, 0x0000000764000000|  0%| F|  |TAMS 0x0000000763f00000, 0x0000000763f00000| Untracked 
|  50|0x0000000764000000, 0x0000000764000000, 0x0000000764100000|  0%| F|  |TAMS 0x0000000764000000, 0x0000000764000000| Untracked 
|  51|0x0000000764100000, 0x0000000764100000, 0x0000000764200000|  0%| F|  |TAMS 0x0000000764100000, 0x0000000764100000| Untracked 
|  52|0x0000000764200000, 0x0000000764300000, 0x0000000764300000|100%| S|CS|TAMS 0x0000000764200000, 0x0000000764200000| Complete 
|  53|0x0000000764300000, 0x0000000764400000, 0x0000000764400000|100%| S|CS|TAMS 0x0000000764300000, 0x0000000764300000| Complete 
|  54|0x0000000764400000, 0x0000000764500000, 0x0000000764500000|100%| S|CS|TAMS 0x0000000764400000, 0x0000000764400000| Complete 
|  55|0x0000000764500000, 0x0000000764600000, 0x0000000764600000|100%| S|CS|TAMS 0x0000000764500000, 0x0000000764500000| Complete 
|  56|0x0000000764600000, 0x0000000764700000, 0x0000000764700000|100%| S|CS|TAMS 0x0000000764600000, 0x0000000764600000| Complete 
|  57|0x0000000764700000, 0x0000000764800000, 0x0000000764800000|100%| S|CS|TAMS 0x0000000764700000, 0x0000000764700000| Complete 
|  58|0x0000000764800000, 0x0000000764800000, 0x0000000764900000|  0%| F|  |TAMS 0x0000000764800000, 0x0000000764800000| Untracked 
|  59|0x0000000764900000, 0x0000000764900000, 0x0000000764a00000|  0%| F|  |TAMS 0x0000000764900000, 0x0000000764900000| Untracked 
|  60|0x0000000764a00000, 0x0000000764a00000, 0x0000000764b00000|  0%| F|  |TAMS 0x0000000764a00000, 0x0000000764a00000| Untracked 
|  61|0x0000000764b00000, 0x0000000764b00000, 0x0000000764c00000|  0%| F|  |TAMS 0x0000000764b00000, 0x0000000764b00000| Untracked 
|  62|0x0000000764c00000, 0x0000000764c00000, 0x0000000764d00000|  0%| F|  |TAMS 0x0000000764c00000, 0x0000000764c00000| Untracked 
|  63|0x0000000764d00000, 0x0000000764d00000, 0x0000000764e00000|  0%| F|  |TAMS 0x0000000764d00000, 0x0000000764d00000| Untracked 
|  64|0x0000000764e00000, 0x0000000764e00000, 0x0000000764f00000|  0%| F|  |TAMS 0x0000000764e00000, 0x0000000764e00000| Untracked 
|  65|0x0000000764f00000, 0x0000000764f00000, 0x0000000765000000|  0%| F|  |TAMS 0x0000000764f00000, 0x0000000764f00000| Untracked 
|  66|0x0000000765000000, 0x0000000765100000, 0x0000000765100000|100%| S|CS|TAMS 0x0000000765000000, 0x0000000765000000| Complete 
|  67|0x0000000765100000, 0x0000000765200000, 0x0000000765200000|100%| S|CS|TAMS 0x0000000765100000, 0x0000000765100000| Complete 
|  68|0x0000000765200000, 0x0000000765300000, 0x0000000765300000|100%| S|CS|TAMS 0x0000000765200000, 0x0000000765200000| Complete 
|  69|0x0000000765300000, 0x0000000765400000, 0x0000000765400000|100%| S|CS|TAMS 0x0000000765300000, 0x0000000765300000| Complete 
|  70|0x0000000765400000, 0x0000000765500000, 0x0000000765500000|100%| S|CS|TAMS 0x0000000765400000, 0x0000000765400000| Complete 
|  71|0x0000000765500000, 0x0000000765600000, 0x0000000765600000|100%| S|CS|TAMS 0x0000000765500000, 0x0000000765500000| Complete 
|  72|0x0000000765600000, 0x0000000765600000, 0x0000000765700000|  0%| F|  |TAMS 0x0000000765600000, 0x0000000765600000| Untracked 
|  73|0x0000000765700000, 0x0000000765700000, 0x0000000765800000|  0%| F|  |TAMS 0x0000000765700000, 0x0000000765700000| Untracked 
|  74|0x0000000765800000, 0x0000000765800000, 0x0000000765900000|  0%| F|  |TAMS 0x0000000765800000, 0x0000000765800000| Untracked 
|  75|0x0000000765900000, 0x0000000765900000, 0x0000000765a00000|  0%| F|  |TAMS 0x0000000765900000, 0x0000000765900000| Untracked 
|  76|0x0000000765a00000, 0x0000000765a00000, 0x0000000765b00000|  0%| F|  |TAMS 0x0000000765a00000, 0x0000000765a00000| Untracked 
|  77|0x0000000765b00000, 0x0000000765b00000, 0x0000000765c00000|  0%| F|  |TAMS 0x0000000765b00000, 0x0000000765b00000| Untracked 
|  78|0x0000000765c00000, 0x0000000765c00000, 0x0000000765d00000|  0%| F|  |TAMS 0x0000000765c00000, 0x0000000765c00000| Untracked 
|  79|0x0000000765d00000, 0x0000000765d00000, 0x0000000765e00000|  0%| F|  |TAMS 0x0000000765d00000, 0x0000000765d00000| Untracked 
|  80|0x0000000765e00000, 0x0000000765e00000, 0x0000000765f00000|  0%| F|  |TAMS 0x0000000765e00000, 0x0000000765e00000| Untracked 
|  81|0x0000000765f00000, 0x0000000765f00000, 0x0000000766000000|  0%| F|  |TAMS 0x0000000765f00000, 0x0000000765f00000| Untracked 
|  82|0x0000000766000000, 0x0000000766000000, 0x0000000766100000|  0%| F|  |TAMS 0x0000000766000000, 0x0000000766000000| Untracked 
|  83|0x0000000766100000, 0x0000000766100000, 0x0000000766200000|  0%| F|  |TAMS 0x0000000766100000, 0x0000000766100000| Untracked 
|  84|0x0000000766200000, 0x0000000766200000, 0x0000000766300000|  0%| F|  |TAMS 0x0000000766200000, 0x0000000766200000| Untracked 
|  85|0x0000000766300000, 0x0000000766300000, 0x0000000766400000|  0%| F|  |TAMS 0x0000000766300000, 0x0000000766300000| Untracked 
|  86|0x0000000766400000, 0x0000000766400000, 0x0000000766500000|  0%| F|  |TAMS 0x0000000766400000, 0x0000000766400000| Untracked 
|  87|0x0000000766500000, 0x0000000766500000, 0x0000000766600000|  0%| F|  |TAMS 0x0000000766500000, 0x0000000766500000| Untracked 
|  88|0x0000000766600000, 0x0000000766600000, 0x0000000766700000|  0%| F|  |TAMS 0x0000000766600000, 0x0000000766600000| Untracked 
|  89|0x0000000766700000, 0x0000000766700000, 0x0000000766800000|  0%| F|  |TAMS 0x0000000766700000, 0x0000000766700000| Untracked 
|  90|0x0000000766800000, 0x0000000766800000, 0x0000000766900000|  0%| F|  |TAMS 0x0000000766800000, 0x0000000766800000| Untracked 
|  91|0x0000000766900000, 0x0000000766900000, 0x0000000766a00000|  0%| F|  |TAMS 0x0000000766900000, 0x0000000766900000| Untracked 
|  92|0x0000000766a00000, 0x0000000766a00000, 0x0000000766b00000|  0%| F|  |TAMS 0x0000000766a00000, 0x0000000766a00000| Untracked 
|  93|0x0000000766b00000, 0x0000000766b00000, 0x0000000766c00000|  0%| F|  |TAMS 0x0000000766b00000, 0x0000000766b00000| Untracked 
|  94|0x0000000766c00000, 0x0000000766c00000, 0x0000000766d00000|  0%| F|  |TAMS 0x0000000766c00000, 0x0000000766c00000| Untracked 
|  95|0x0000000766d00000, 0x0000000766d00000, 0x0000000766e00000|  0%| F|  |TAMS 0x0000000766d00000, 0x0000000766d00000| Untracked 
|  96|0x0000000766e00000, 0x0000000766e00000, 0x0000000766f00000|  0%| F|  |TAMS 0x0000000766e00000, 0x0000000766e00000| Untracked 
|  97|0x0000000766f00000, 0x0000000766f00000, 0x0000000767000000|  0%| F|  |TAMS 0x0000000766f00000, 0x0000000766f00000| Untracked 
|  98|0x0000000767000000, 0x0000000767000000, 0x0000000767100000|  0%| F|  |TAMS 0x0000000767000000, 0x0000000767000000| Untracked 
|  99|0x0000000767100000, 0x0000000767100000, 0x0000000767200000|  0%| F|  |TAMS 0x0000000767100000, 0x0000000767100000| Untracked 
| 100|0x0000000767200000, 0x0000000767200000, 0x0000000767300000|  0%| F|  |TAMS 0x0000000767200000, 0x0000000767200000| Untracked 
| 101|0x0000000767300000, 0x0000000767300000, 0x0000000767400000|  0%| F|  |TAMS 0x0000000767300000, 0x0000000767300000| Untracked 
| 102|0x0000000767400000, 0x0000000767400000, 0x0000000767500000|  0%| F|  |TAMS 0x0000000767400000, 0x0000000767400000| Untracked 
| 103|0x0000000767500000, 0x0000000767500000, 0x0000000767600000|  0%| F|  |TAMS 0x0000000767500000, 0x0000000767500000| Untracked 
| 104|0x0000000767600000, 0x0000000767600000, 0x0000000767700000|  0%| F|  |TAMS 0x0000000767600000, 0x0000000767600000| Untracked 
| 105|0x0000000767700000, 0x0000000767700000, 0x0000000767800000|  0%| F|  |TAMS 0x0000000767700000, 0x0000000767700000| Untracked 
| 106|0x0000000767800000, 0x0000000767800000, 0x0000000767900000|  0%| F|  |TAMS 0x0000000767800000, 0x0000000767800000| Untracked 
| 107|0x0000000767900000, 0x0000000767900000, 0x0000000767a00000|  0%| F|  |TAMS 0x0000000767900000, 0x0000000767900000| Untracked 
| 108|0x0000000767a00000, 0x0000000767a00000, 0x0000000767b00000|  0%| F|  |TAMS 0x0000000767a00000, 0x0000000767a00000| Untracked 
| 109|0x0000000767b00000, 0x0000000767b00000, 0x0000000767c00000|  0%| F|  |TAMS 0x0000000767b00000, 0x0000000767b00000| Untracked 
| 110|0x0000000767c00000, 0x0000000767c00000, 0x0000000767d00000|  0%| F|  |TAMS 0x0000000767c00000, 0x0000000767c00000| Untracked 
| 111|0x0000000767d00000, 0x0000000767d00000, 0x0000000767e00000|  0%| F|  |TAMS 0x0000000767d00000, 0x0000000767d00000| Untracked 
| 112|0x0000000767e00000, 0x0000000767e00000, 0x0000000767f00000|  0%| F|  |TAMS 0x0000000767e00000, 0x0000000767e00000| Untracked 
| 113|0x0000000767f00000, 0x0000000767f00000, 0x0000000768000000|  0%| F|  |TAMS 0x0000000767f00000, 0x0000000767f00000| Untracked 
| 114|0x0000000768000000, 0x0000000768000000, 0x0000000768100000|  0%| F|  |TAMS 0x0000000768000000, 0x0000000768000000| Untracked 
| 115|0x0000000768100000, 0x0000000768100000, 0x0000000768200000|  0%| F|  |TAMS 0x0000000768100000, 0x0000000768100000| Untracked 
| 116|0x0000000768200000, 0x0000000768200000, 0x0000000768300000|  0%| F|  |TAMS 0x0000000768200000, 0x0000000768200000| Untracked 
| 117|0x0000000768300000, 0x0000000768300000, 0x0000000768400000|  0%| F|  |TAMS 0x0000000768300000, 0x0000000768300000| Untracked 
| 118|0x0000000768400000, 0x0000000768400000, 0x0000000768500000|  0%| F|  |TAMS 0x0000000768400000, 0x0000000768400000| Untracked 
| 119|0x0000000768500000, 0x0000000768500000, 0x0000000768600000|  0%| F|  |TAMS 0x0000000768500000, 0x0000000768500000| Untracked 
| 120|0x0000000768600000, 0x0000000768600000, 0x0000000768700000|  0%| F|  |TAMS 0x0000000768600000, 0x0000000768600000| Untracked 
| 121|0x0000000768700000, 0x0000000768700000, 0x0000000768800000|  0%| F|  |TAMS 0x0000000768700000, 0x0000000768700000| Untracked 
| 122|0x0000000768800000, 0x0000000768800000, 0x0000000768900000|  0%| F|  |TAMS 0x0000000768800000, 0x0000000768800000| Untracked 
| 123|0x0000000768900000, 0x0000000768900000, 0x0000000768a00000|  0%| F|  |TAMS 0x0000000768900000, 0x0000000768900000| Untracked 
| 124|0x0000000768a00000, 0x0000000768a00000, 0x0000000768b00000|  0%| F|  |TAMS 0x0000000768a00000, 0x0000000768a00000| Untracked 
| 125|0x0000000768b00000, 0x0000000768b00000, 0x0000000768c00000|  0%| F|  |TAMS 0x0000000768b00000, 0x0000000768b00000| Untracked 
| 126|0x0000000768c00000, 0x0000000768c00000, 0x0000000768d00000|  0%| F|  |TAMS 0x0000000768c00000, 0x0000000768c00000| Untracked 
| 127|0x0000000768d00000, 0x0000000768d00000, 0x0000000768e00000|  0%| F|  |TAMS 0x0000000768d00000, 0x0000000768d00000| Untracked 
| 128|0x0000000768e00000, 0x0000000768e00000, 0x0000000768f00000|  0%| F|  |TAMS 0x0000000768e00000, 0x0000000768e00000| Untracked 
| 129|0x0000000768f00000, 0x0000000768f00000, 0x0000000769000000|  0%| F|  |TAMS 0x0000000768f00000, 0x0000000768f00000| Untracked 
| 130|0x0000000769000000, 0x0000000769000000, 0x0000000769100000|  0%| F|  |TAMS 0x0000000769000000, 0x0000000769000000| Untracked 
| 131|0x0000000769100000, 0x0000000769100000, 0x0000000769200000|  0%| F|  |TAMS 0x0000000769100000, 0x0000000769100000| Untracked 
| 132|0x0000000769200000, 0x0000000769200000, 0x0000000769300000|  0%| F|  |TAMS 0x0000000769200000, 0x0000000769200000| Untracked 
| 133|0x0000000769300000, 0x0000000769300000, 0x0000000769400000|  0%| F|  |TAMS 0x0000000769300000, 0x0000000769300000| Untracked 
| 134|0x0000000769400000, 0x0000000769400000, 0x0000000769500000|  0%| F|  |TAMS 0x0000000769400000, 0x0000000769400000| Untracked 
| 135|0x0000000769500000, 0x0000000769500000, 0x0000000769600000|  0%| F|  |TAMS 0x0000000769500000, 0x0000000769500000| Untracked 
| 136|0x0000000769600000, 0x0000000769600000, 0x0000000769700000|  0%| F|  |TAMS 0x0000000769600000, 0x0000000769600000| Untracked 
| 137|0x0000000769700000, 0x0000000769700000, 0x0000000769800000|  0%| F|  |TAMS 0x0000000769700000, 0x0000000769700000| Untracked 
| 138|0x0000000769800000, 0x0000000769800000, 0x0000000769900000|  0%| F|  |TAMS 0x0000000769800000, 0x0000000769800000| Untracked 
| 139|0x0000000769900000, 0x0000000769900000, 0x0000000769a00000|  0%| F|  |TAMS 0x0000000769900000, 0x0000000769900000| Untracked 
| 140|0x0000000769a00000, 0x0000000769a00000, 0x0000000769b00000|  0%| F|  |TAMS 0x0000000769a00000, 0x0000000769a00000| Untracked 
| 141|0x0000000769b00000, 0x0000000769b00000, 0x0000000769c00000|  0%| F|  |TAMS 0x0000000769b00000, 0x0000000769b00000| Untracked 
| 142|0x0000000769c00000, 0x0000000769c00000, 0x0000000769d00000|  0%| F|  |TAMS 0x0000000769c00000, 0x0000000769c00000| Untracked 
| 143|0x0000000769d00000, 0x0000000769d00000, 0x0000000769e00000|  0%| F|  |TAMS 0x0000000769d00000, 0x0000000769d00000| Untracked 
| 144|0x0000000769e00000, 0x0000000769e00000, 0x0000000769f00000|  0%| F|  |TAMS 0x0000000769e00000, 0x0000000769e00000| Untracked 
| 145|0x0000000769f00000, 0x0000000769f00000, 0x000000076a000000|  0%| F|  |TAMS 0x0000000769f00000, 0x0000000769f00000| Untracked 
| 146|0x000000076a000000, 0x000000076a000000, 0x000000076a100000|  0%| F|  |TAMS 0x000000076a000000, 0x000000076a000000| Untracked 
| 147|0x000000076a100000, 0x000000076a100000, 0x000000076a200000|  0%| F|  |TAMS 0x000000076a100000, 0x000000076a100000| Untracked 
| 148|0x000000076a200000, 0x000000076a200000, 0x000000076a300000|  0%| F|  |TAMS 0x000000076a200000, 0x000000076a200000| Untracked 
| 149|0x000000076a300000, 0x000000076a300000, 0x000000076a400000|  0%| F|  |TAMS 0x000000076a300000, 0x000000076a300000| Untracked 
| 150|0x000000076a400000, 0x000000076a400000, 0x000000076a500000|  0%| F|  |TAMS 0x000000076a400000, 0x000000076a400000| Untracked 
| 151|0x000000076a500000, 0x000000076a500000, 0x000000076a600000|  0%| F|  |TAMS 0x000000076a500000, 0x000000076a500000| Untracked 
| 152|0x000000076a600000, 0x000000076a600000, 0x000000076a700000|  0%| F|  |TAMS 0x000000076a600000, 0x000000076a600000| Untracked 
| 153|0x000000076a700000, 0x000000076a700000, 0x000000076a800000|  0%| F|  |TAMS 0x000000076a700000, 0x000000076a700000| Untracked 
| 154|0x000000076a800000, 0x000000076a800000, 0x000000076a900000|  0%| F|  |TAMS 0x000000076a800000, 0x000000076a800000| Untracked 
| 155|0x000000076a900000, 0x000000076a900000, 0x000000076aa00000|  0%| F|  |TAMS 0x000000076a900000, 0x000000076a900000| Untracked 
| 156|0x000000076aa00000, 0x000000076aa00000, 0x000000076ab00000|  0%| F|  |TAMS 0x000000076aa00000, 0x000000076aa00000| Untracked 
| 157|0x000000076ab00000, 0x000000076ab00000, 0x000000076ac00000|  0%| F|  |TAMS 0x000000076ab00000, 0x000000076ab00000| Untracked 
| 158|0x000000076ac00000, 0x000000076ac00000, 0x000000076ad00000|  0%| F|  |TAMS 0x000000076ac00000, 0x000000076ac00000| Untracked 
| 159|0x000000076ad00000, 0x000000076ad00000, 0x000000076ae00000|  0%| F|  |TAMS 0x000000076ad00000, 0x000000076ad00000| Untracked 

Card table byte_map: [0x00000202fa690000,0x00000202fab90000] _byte_map_base: 0x00000202f6b89000

Marking Bits (Prev, Next): (CMBitMap*) 0x00000202e2aa0b08, (CMBitMap*) 0x00000202e2aa0b40
 Prev Bits: [0x00000202fb090000, 0x00000202fd858000)
 Next Bits: [0x0000020280000000, 0x00000202827c8000)

Polling page: 0x00000202e0a40000

Metaspace:

Usage:
  Non-class:     50.50 MB capacity,    49.62 MB ( 98%) used,   717.11 KB (  1%) free+waste,   188.19 KB ( <1%) overhead. 
      Class:      7.79 MB capacity,     7.20 MB ( 92%) used,   513.63 KB (  6%) free+waste,    90.13 KB (  1%) overhead. 
       Both:     58.29 MB capacity,    56.82 MB ( 97%) used,     1.20 MB (  2%) free+waste,   278.31 KB ( <1%) overhead. 

Virtual space:
  Non-class space:       52.00 MB reserved,      50.67 MB ( 97%) committed 
      Class space:        1.00 GB reserved,       7.82 MB ( <1%) committed 
             Both:        1.05 GB reserved,      58.50 MB (  5%) committed 

Chunk freelists:
   Non-Class:  5.88 KB
       Class:  0 bytes
        Both:  5.88 KB

CodeHeap 'non-profiled nmethods': size=120000Kb used=2304Kb max_used=2304Kb free=117696Kb
 bounds [0x00000202f2930000, 0x00000202f2ba0000, 0x00000202f9e60000]
CodeHeap 'profiled nmethods': size=120000Kb used=9973Kb max_used=9973Kb free=110026Kb
 bounds [0x00000202eb400000, 0x00000202ebdc0000, 0x00000202f2930000]
CodeHeap 'non-nmethods': size=5760Kb used=1213Kb max_used=1262Kb free=4546Kb
 bounds [0x00000202eae60000, 0x00000202eb0d0000, 0x00000202eb400000]
 total_blobs=5817 nmethods=4202 adapters=477
 compilation: enabled
              stopped_count=0, restarted_count=0
 full_count=0

Compilation events (10 events):
Event: 13.687 Thread 0x0000020283342800 4242       2       org.springframework.beans.factory.support.RootBeanDefinition::setParentName (15 bytes)
Event: 13.687 Thread 0x0000020283342800 nmethod 4242 0x00000202ebdbaf90 code [0x00000202ebdbb140, 0x00000202ebdbb370]
Event: 13.687 Thread 0x0000020283342800 4243       2       org.springframework.beans.factory.support.AbstractBeanDefinition::copyQualifiersFrom (20 bytes)
Event: 13.687 Thread 0x0000020283342800 nmethod 4243 0x00000202ebdbb490 code [0x00000202ebdbb660, 0x00000202ebdbb8c0]
Event: 13.702 Thread 0x0000020283342800 4246   !   2       jdk.internal.reflect.GeneratedConstructorAccessor20::newInstance (53 bytes)
Event: 13.702 Thread 0x0000020283342800 nmethod 4246 0x00000202ebdbba10 code [0x00000202ebdbbc20, 0x00000202ebdbc250]
Event: 13.710 Thread 0x0000020283342800 4247   !   2       com.sun.proxy.$Proxy47::annotationType (29 bytes)
Event: 13.711 Thread 0x0000020283342800 nmethod 4247 0x00000202ebdbc610 code [0x00000202ebdbc7e0, 0x00000202ebdbcac0]
Event: 13.711 Thread 0x0000020283342800 4248       2       org.springframework.beans.factory.support.DefaultListableBeanFactory::findAnnotationOnBean (8 bytes)
Event: 13.712 Thread 0x0000020283342800 nmethod 4248 0x00000202ebdbcc10 code [0x00000202ebdbce00, 0x00000202ebdbd2a0]

GC Heap History (10 events):
Event: 2.935 GC heap after
{Heap after GC invocations=2 (full 0):
 garbage-first heap   total 163840K, used 7867K [0x0000000760e00000, 0x0000000800000000)
  region size 1024K, 2 young (2048K), 2 survivors (2048K)
 Metaspace       used 16868K, capacity 17341K, committed 17408K, reserved 1064960K
  class space    used 1801K, capacity 1984K, committed 2048K, reserved 1048576K
}
Event: 3.359 GC heap before
{Heap before GC invocations=2 (full 0):
 garbage-first heap   total 163840K, used 26299K [0x0000000760e00000, 0x0000000800000000)
  region size 1024K, 22 young (22528K), 2 survivors (2048K)
 Metaspace       used 20775K, capacity 21213K, committed 21296K, reserved 1069056K
  class space    used 2225K, capacity 2405K, committed 2432K, reserved 1048576K
}
Event: 3.364 GC heap after
{Heap after GC invocations=3 (full 0):
 garbage-first heap   total 163840K, used 8359K [0x0000000760e00000, 0x0000000800000000)
  region size 1024K, 2 young (2048K), 2 survivors (2048K)
 Metaspace       used 20775K, capacity 21213K, committed 21296K, reserved 1069056K
  class space    used 2225K, capacity 2405K, committed 2432K, reserved 1048576K
}
Event: 4.703 GC heap before
{Heap before GC invocations=4 (full 0):
 garbage-first heap   total 163840K, used 86183K [0x0000000760e00000, 0x0000000800000000)
  region size 1024K, 79 young (80896K), 2 survivors (2048K)
 Metaspace       used 25893K, capacity 26503K, committed 26748K, reserved 1073152K
  class space    used 2883K, capacity 3165K, committed 3276K, reserved 1048576K
}
Event: 4.715 GC heap after
{Heap after GC invocations=5 (full 0):
 garbage-first heap   total 163840K, used 10384K [0x0000000760e00000, 0x0000000800000000)
  region size 1024K, 4 young (4096K), 4 survivors (4096K)
 Metaspace       used 25893K, capacity 26503K, committed 26748K, reserved 1073152K
  class space    used 2883K, capacity 3165K, committed 3276K, reserved 1048576K
}
Event: 8.403 GC heap before
{Heap before GC invocations=5 (full 0):
 garbage-first heap   total 163840K, used 76944K [0x0000000760e00000, 0x0000000800000000)
  region size 1024K, 70 young (71680K), 4 survivors (4096K)
 Metaspace       used 34869K, capacity 35823K, committed 35964K, reserved 1081344K
  class space    used 4050K, capacity 4428K, committed 4556K, reserved 1048576K
}
Event: 8.423 GC heap after
{Heap after GC invocations=6 (full 0):
 garbage-first heap   total 163840K, used 13839K [0x0000000760e00000, 0x0000000800000000)
  region size 1024K, 8 young (8192K), 8 survivors (8192K)
 Metaspace       used 34869K, capacity 35823K, committed 35964K, reserved 1081344K
  class space    used 4050K, capacity 4428K, committed 4556K, reserved 1048576K
}
Event: 10.715 GC heap before
{Heap before GC invocations=7 (full 0):
 garbage-first heap   total 163840K, used 100879K [0x0000000760e00000, 0x0000000800000000)
  region size 1024K, 94 young (96256K), 8 survivors (8192K)
 Metaspace       used 42911K, capacity 44016K, committed 44156K, reserved 1087488K
  class space    used 5292K, capacity 5748K, committed 5836K, reserved 1048576K
}
Event: 10.735 GC heap after
{Heap after GC invocations=8 (full 0):
 garbage-first heap   total 163840K, used 15811K [0x0000000760e00000, 0x0000000800000000)
  region size 1024K, 8 young (8192K), 8 survivors (8192K)
 Metaspace       used 42911K, capacity 44016K, committed 44156K, reserved 1087488K
  class space    used 5292K, capacity 5748K, committed 5836K, reserved 1048576K
}
Event: 13.722 GC heap before
{Heap before GC invocations=8 (full 0):
 garbage-first heap   total 163840K, used 105923K [0x0000000760e00000, 0x0000000800000000)
  region size 1024K, 96 young (98304K), 8 survivors (8192K)
 Metaspace       used 58179K, capacity 59689K, committed 59900K, reserved 1101824K
  class space    used 7372K, capacity 7976K, committed 8012K, reserved 1048576K
}

Deoptimization events (10 events):
Event: 13.180 Thread 0x00000202e2a57800 Uncommon trap: reason=speculate_null_assert action=make_not_entrant pc=0x00000202f29afad0 method=org.springframework.util.ConcurrentReferenceHashMap$Segment.restructureIfNecessary(Z)V @ 41 c2
Event: 13.210 Thread 0x00000202e2a57800 Uncommon trap: reason=class_check action=maybe_recompile pc=0x00000202f2a8dba0 method=org.springframework.util.ConcurrentReferenceHashMap$Segment.findInChain(Lorg/springframework/util/ConcurrentReferenceHashMap$Reference;Ljava/lang/Object;I)Lorg/springfra
Event: 13.357 Thread 0x00000202e2a57800 Uncommon trap: reason=profile_predicate action=maybe_recompile pc=0x00000202f2b66a94 method=java.lang.PublicMethods$MethodList.filter([Ljava/lang/reflect/Method;Ljava/lang/String;[Ljava/lang/Class;Z)Ljava/lang/PublicMethods$MethodList; @ 21 c2
Event: 13.358 Thread 0x00000202e2a57800 Uncommon trap: reason=profile_predicate action=maybe_recompile pc=0x00000202f2b66a94 method=java.lang.PublicMethods$MethodList.filter([Ljava/lang/reflect/Method;Ljava/lang/String;[Ljava/lang/Class;Z)Ljava/lang/PublicMethods$MethodList; @ 21 c2
Event: 13.358 Thread 0x00000202e2a57800 Uncommon trap: reason=profile_predicate action=maybe_recompile pc=0x00000202f2b66a94 method=java.lang.PublicMethods$MethodList.filter([Ljava/lang/reflect/Method;Ljava/lang/String;[Ljava/lang/Class;Z)Ljava/lang/PublicMethods$MethodList; @ 21 c2
Event: 13.358 Thread 0x00000202e2a57800 Uncommon trap: reason=profile_predicate action=maybe_recompile pc=0x00000202f2b66a94 method=java.lang.PublicMethods$MethodList.filter([Ljava/lang/reflect/Method;Ljava/lang/String;[Ljava/lang/Class;Z)Ljava/lang/PublicMethods$MethodList; @ 21 c2
Event: 13.384 Thread 0x00000202e2a57800 Uncommon trap: reason=speculate_class_check action=maybe_recompile pc=0x00000202f2b3d178 method=jdk.internal.loader.Resource.getBytes()[B @ 10 c2
Event: 13.433 Thread 0x00000202e2a57800 Uncommon trap: reason=profile_predicate action=maybe_recompile pc=0x00000202f2b68bfc method=java.lang.PublicMethods$MethodList.filter([Ljava/lang/reflect/Method;Ljava/lang/String;[Ljava/lang/Class;Z)Ljava/lang/PublicMethods$MethodList; @ 17 c2
Event: 13.440 Thread 0x00000202e2a57800 Uncommon trap: reason=unstable_if action=reinterpret pc=0x00000202f29e3c84 method=java.util.concurrent.ConcurrentHashMap.transfer([Ljava/util/concurrent/ConcurrentHashMap$Node;[Ljava/util/concurrent/ConcurrentHashMap$Node;)V @ 352 c2
Event: 13.440 Thread 0x00000202e2a57800 Uncommon trap: reason=unstable_if action=reinterpret pc=0x00000202f29c6154 method=java.util.concurrent.ConcurrentHashMap.transfer([Ljava/util/concurrent/ConcurrentHashMap$Node;[Ljava/util/concurrent/ConcurrentHashMap$Node;)V @ 352 c2

Classes redefined (0 events):
No events

Internal exceptions (10 events):
Event: 13.457 Thread 0x00000202e2a57800 Exception <a 'java/lang/ClassNotFoundException'{0x00000007660c9a08}: org/springframework/web/servlet/config/annotation/DelegatingWebMvcConfigurationCustomizer> (0x00000007660c9a08) thrown at [./open/src/hotspot/share/classfile/systemDictionary.cpp, line 2
Event: 13.458 Thread 0x00000202e2a57800 Exception <a 'java/lang/ClassNotFoundException'{0x00000007660e1fc0}: org/springframework/boot/autoconfigure/web/servlet/WebMvcAutoConfiguration$EnableWebMvcConfigurationCustomizer> (0x00000007660e1fc0) thrown at [./open/src/hotspot/share/classfile/systemD
Event: 13.459 Thread 0x00000202e2a57800 Exception <a 'java/lang/ClassNotFoundException'{0x00000007660fe770}: org/springframework/context/ResourceLoaderAwareCustomizer> (0x00000007660fe770) thrown at [./open/src/hotspot/share/classfile/systemDictionary.cpp, line 228]
Event: 13.460 Thread 0x00000202e2a57800 Exception <a 'java/lang/ClassNotFoundException'{0x0000000765f0c7e8}: org/springframework/beans/factory/AwareCustomizer> (0x0000000765f0c7e8) thrown at [./open/src/hotspot/share/classfile/systemDictionary.cpp, line 228]
Event: 13.460 Thread 0x00000202e2a57800 Exception <a 'java/lang/ClassNotFoundException'{0x0000000765f1ad58}: org/springframework/context/ApplicationContextAwareCustomizer> (0x0000000765f1ad58) thrown at [./open/src/hotspot/share/classfile/systemDictionary.cpp, line 228]
Event: 13.462 Thread 0x00000202e2a57800 Exception <a 'java/lang/ClassNotFoundException'{0x0000000765f29288}: org/springframework/beans/factory/AwareCustomizer> (0x0000000765f29288) thrown at [./open/src/hotspot/share/classfile/systemDictionary.cpp, line 228]
Event: 13.462 Thread 0x00000202e2a57800 Exception <a 'java/lang/ClassNotFoundException'{0x0000000765f377d0}: org/springframework/web/context/ServletContextAwareCustomizer> (0x0000000765f377d0) thrown at [./open/src/hotspot/share/classfile/systemDictionary.cpp, line 228]
Event: 13.463 Thread 0x00000202e2a57800 Exception <a 'java/lang/ClassNotFoundException'{0x0000000765f457d8}: org/springframework/beans/factory/AwareCustomizer> (0x0000000765f457d8) thrown at [./open/src/hotspot/share/classfile/systemDictionary.cpp, line 228]
Event: 13.691 Thread 0x00000202e2a57800 Exception <a 'java/lang/NoSuchMethodError'{0x000000076578fb10}: java.lang.invoke.DirectMethodHandle$Holder.invokeVirtual(Ljava/lang/Object;Ljava/lang/Object;I)V> (0x000000076578fb10) thrown at [./open/src/hotspot/share/interpreter/linkResolver.cpp, line 7
Event: 13.693 Thread 0x00000202e2a57800 Exception <a 'java/lang/NoSuchMethodError'{0x00000007657a98f8}: java.lang.invoke.DirectMethodHandle$Holder.invokeVirtual(Ljava/lang/Object;Ljava/lang/Object;J)V> (0x00000007657a98f8) thrown at [./open/src/hotspot/share/interpreter/linkResolver.cpp, line 7

Events (10 events):
Event: 13.720 loading class org/springframework/web/servlet/mvc/method/annotation/PathVariableMethodArgumentResolver done
Event: 13.720 loading class org/springframework/web/bind/MissingPathVariableException
Event: 13.720 loading class org/springframework/web/bind/MissingPathVariableException done
Event: 13.721 loading class org/springframework/web/servlet/mvc/method/annotation/PathVariableMethodArgumentResolver$PathVariableNamedValueInfo
Event: 13.721 loading class org/springframework/web/servlet/mvc/method/annotation/PathVariableMethodArgumentResolver$PathVariableNamedValueInfo done
Event: 13.721 loading class org/springframework/web/servlet/mvc/method/annotation/PathVariableMapMethodArgumentResolver
Event: 13.721 loading class org/springframework/web/servlet/mvc/method/annotation/PathVariableMapMethodArgumentResolver done
Event: 13.722 loading class org/springframework/web/servlet/mvc/method/annotation/MatrixVariableMethodArgumentResolver
Event: 13.722 loading class org/springframework/web/servlet/mvc/method/annotation/MatrixVariableMethodArgumentResolver done
Event: 13.722 Executing VM operation: G1CollectForAllocation


Dynamic libraries:
0x00007ff6f6cc0000 - 0x00007ff6f6d07000 	C:\Program Files\Java\jdk-11.0.7\bin\java.exe
0x00007ffe49290000 - 0x00007ffe49488000 	C:\WINDOWS\SYSTEM32\ntdll.dll
0x00007ffe47d80000 - 0x00007ffe47e3f000 	C:\WINDOWS\System32\KERNEL32.DLL
0x00007ffe46ff0000 - 0x00007ffe472e6000 	C:\WINDOWS\System32\KERNELBASE.dll
0x00007ffe48250000 - 0x00007ffe482ff000 	C:\WINDOWS\System32\ADVAPI32.dll
0x00007ffe47a50000 - 0x00007ffe47aee000 	C:\WINDOWS\System32\msvcrt.dll
0x00007ffe47760000 - 0x00007ffe477fc000 	C:\WINDOWS\System32\sechost.dll
0x00007ffe47eb0000 - 0x00007ffe47fd6000 	C:\WINDOWS\System32\RPCRT4.dll
0x00007ffe48490000 - 0x00007ffe4862d000 	C:\WINDOWS\System32\USER32.dll
0x00007ffe46ac0000 - 0x00007ffe46ae2000 	C:\WINDOWS\System32\win32u.dll
0x00007ffe48ac0000 - 0x00007ffe48aec000 	C:\WINDOWS\System32\GDI32.dll
0x00007ffe46af0000 - 0x00007ffe46c05000 	C:\WINDOWS\System32\gdi32full.dll
0x00007ffe46970000 - 0x00007ffe46a0d000 	C:\WINDOWS\System32\msvcp_win.dll
0x00007ffe46d40000 - 0x00007ffe46e40000 	C:\WINDOWS\System32\ucrtbase.dll
0x00007ffe33d70000 - 0x00007ffe3400a000 	C:\WINDOWS\WinSxS\amd64_microsoft.windows.common-controls_6595b64144ccf1df_6.0.19041.1110_none_60b5254171f9507e\COMCTL32.dll
0x00007ffe3f6e0000 - 0x00007ffe3f6ea000 	C:\WINDOWS\SYSTEM32\VERSION.dll
0x00007ffe47af0000 - 0x00007ffe47b20000 	C:\WINDOWS\System32\IMM32.DLL
0x00007ffe3c210000 - 0x00007ffe3c226000 	C:\Program Files\Java\jdk-11.0.7\bin\vcruntime140.dll
0x00007ffe25010000 - 0x00007ffe250ba000 	C:\Program Files\Java\jdk-11.0.7\bin\msvcp140.dll
0x00007ffe0b620000 - 0x00007ffe0c181000 	C:\Program Files\Java\jdk-11.0.7\bin\server\jvm.dll
0x00007ffe49240000 - 0x00007ffe49248000 	C:\WINDOWS\System32\PSAPI.DLL
0x00007ffe3dff0000 - 0x00007ffe3e017000 	C:\WINDOWS\SYSTEM32\WINMM.dll
0x00007ffe29080000 - 0x00007ffe29089000 	C:\WINDOWS\SYSTEM32\WSOCK32.dll
0x00007ffe47e40000 - 0x00007ffe47eab000 	C:\WINDOWS\System32\WS2_32.dll
0x00007ffe44830000 - 0x00007ffe44842000 	C:\WINDOWS\SYSTEM32\kernel.appcore.dll
0x00007ffe3c1f0000 - 0x00007ffe3c201000 	C:\Program Files\Java\jdk-11.0.7\bin\verify.dll
0x00007ffe3d4b0000 - 0x00007ffe3d694000 	C:\WINDOWS\SYSTEM32\DBGHELP.DLL
0x00007ffe35c50000 - 0x00007ffe35c84000 	C:\WINDOWS\SYSTEM32\dbgcore.DLL
0x00007ffe46cb0000 - 0x00007ffe46d32000 	C:\WINDOWS\System32\bcryptPrimitives.dll
0x00007ffe3c180000 - 0x00007ffe3c1a9000 	C:\Program Files\Java\jdk-11.0.7\bin\java.dll
0x00007ffe42600000 - 0x00007ffe4260a000 	C:\Program Files\Java\jdk-11.0.7\bin\jimage.dll
0x00007ffe35830000 - 0x00007ffe35860000 	C:\Program Files\Java\jdk-11.0.7\bin\instrument.dll
0x00007ffe3c160000 - 0x00007ffe3c176000 	C:\Program Files\Java\jdk-11.0.7\bin\zip.dll
0x00007ffe48af0000 - 0x00007ffe49234000 	C:\WINDOWS\System32\SHELL32.dll
0x00007ffe44a30000 - 0x00007ffe451c3000 	C:\WINDOWS\SYSTEM32\windows.storage.dll
0x00007ffe48700000 - 0x00007ffe48a54000 	C:\WINDOWS\System32\combase.dll
0x00007ffe462f0000 - 0x00007ffe4631e000 	C:\WINDOWS\SYSTEM32\Wldp.dll
0x00007ffe48300000 - 0x00007ffe483ad000 	C:\WINDOWS\System32\SHCORE.dll
0x00007ffe481f0000 - 0x00007ffe48245000 	C:\WINDOWS\System32\shlwapi.dll
0x00007ffe468b0000 - 0x00007ffe468cf000 	C:\WINDOWS\SYSTEM32\profapi.dll
0x00007ffe3bed0000 - 0x00007ffe3bee9000 	C:\Program Files\Java\jdk-11.0.7\bin\net.dll
0x00007ffe3cd00000 - 0x00007ffe3ce0a000 	C:\WINDOWS\SYSTEM32\WINHTTP.dll
0x00007ffe46050000 - 0x00007ffe460ba000 	C:\WINDOWS\system32\mswsock.dll
0x00007ffe3bea0000 - 0x00007ffe3beb3000 	C:\Program Files\Java\jdk-11.0.7\bin\nio.dll
0x00007ffe35a30000 - 0x00007ffe35a4a000 	C:\Program Files\JetBrains\IntelliJ IDEA Community Edition 2023.1.2\bin\breakgen64.dll
0x00007ffe424a0000 - 0x00007ffe424a9000 	C:\Program Files\Java\jdk-11.0.7\bin\management.dll
0x00007ffe41cf0000 - 0x00007ffe41cfc000 	C:\Program Files\Java\jdk-11.0.7\bin\management_ext.dll
0x00007ffe305d0000 - 0x00007ffe305e7000 	C:\WINDOWS\system32\napinsp.dll
0x00007ffe305b0000 - 0x00007ffe305cb000 	C:\WINDOWS\system32\pnrpnsp.dll
0x00007ffe3c670000 - 0x00007ffe3c685000 	C:\WINDOWS\system32\wshbth.dll
0x00007ffe42220000 - 0x00007ffe4223d000 	C:\WINDOWS\system32\NLAapi.dll
0x00007ffe45d40000 - 0x00007ffe45d7c000 	C:\WINDOWS\SYSTEM32\IPHLPAPI.DLL
0x00007ffe45d80000 - 0x00007ffe45e4b000 	C:\WINDOWS\SYSTEM32\DNSAPI.dll
0x00007ffe486f0000 - 0x00007ffe486f8000 	C:\WINDOWS\System32\NSI.dll
0x00007ffe30590000 - 0x00007ffe305a2000 	C:\WINDOWS\System32\winrnr.dll
0x00007ffe3c9d0000 - 0x00007ffe3c9da000 	C:\Windows\System32\rasadhlp.dll
0x00007ffe3c5e0000 - 0x00007ffe3c662000 	C:\WINDOWS\System32\fwpuclnt.dll
0x00007ffe46c10000 - 0x00007ffe46c37000 	C:\WINDOWS\System32\bcrypt.dll
0x00007ffe46240000 - 0x00007ffe46258000 	C:\WINDOWS\SYSTEM32\CRYPTSP.dll
0x00007ffe45970000 - 0x00007ffe459a4000 	C:\WINDOWS\system32\rsaenh.dll
0x00007ffe46870000 - 0x00007ffe4689e000 	C:\WINDOWS\SYSTEM32\USERENV.dll
0x00007ffe46260000 - 0x00007ffe4626c000 	C:\WINDOWS\SYSTEM32\CRYPTBASE.dll
0x00007ffe3f6f0000 - 0x00007ffe3f707000 	C:\WINDOWS\SYSTEM32\dhcpcsvc6.DLL
0x00007ffe3e020000 - 0x00007ffe3e03d000 	C:\WINDOWS\SYSTEM32\dhcpcsvc.DLL
0x00007ffe41c50000 - 0x00007ffe41c5e000 	C:\Program Files\Java\jdk-11.0.7\bin\sunmscapi.dll
0x00007ffe46e40000 - 0x00007ffe46f9e000 	C:\WINDOWS\System32\CRYPT32.dll
0x00007ffe463d0000 - 0x00007ffe463f8000 	C:\WINDOWS\SYSTEM32\ncrypt.dll
0x00007ffe46320000 - 0x00007ffe4635b000 	C:\WINDOWS\SYSTEM32\NTASN1.dll
0x00007ffe29020000 - 0x00007ffe29046000 	C:\Program Files\Java\jdk-11.0.7\bin\sunec.dll

dbghelp: loaded successfully - version: 4.0.5 - missing functions: none
symbol engine: initialized successfully - sym options: 0x614 - pdb path: .;C:\Program Files\Java\jdk-11.0.7\bin;C:\WINDOWS\SYSTEM32;C:\WINDOWS\WinSxS\amd64_microsoft.windows.common-controls_6595b64144ccf1df_6.0.19041.1110_none_60b5254171f9507e;C:\Program Files\Java\jdk-11.0.7\bin\server;C:\Program Files\JetBrains\IntelliJ IDEA Community Edition 2023.1.2\bin

VM Arguments:
jvm_args: -javaagent:C:\Program Files\JetBrains\IntelliJ IDEA Community Edition 2023.1.2\lib\idea_rt.jar=62111:C:\Program Files\JetBrains\IntelliJ IDEA Community Edition 2023.1.2\bin -Dfile.encoding=UTF-8 
java_command: net.Todo.springboot.Application
java_class_path (initial): D:\restart_program\projects\To-do-App\springboot.backend\springboot.backend\target\classes;C:\Users\hamsa\.m2\repository\org\springframework\boot\spring-boot-starter-data-jpa\2.7.12\spring-boot-starter-data-jpa-2.7.12.jar;C:\Users\hamsa\.m2\repository\org\springframework\boot\spring-boot-starter-aop\2.7.12\spring-boot-starter-aop-2.7.12.jar;C:\Users\hamsa\.m2\repository\org\springframework\spring-aop\5.3.27\spring-aop-5.3.27.jar;C:\Users\hamsa\.m2\repository\org\aspectj\aspectjweaver\1.9.7\aspectjweaver-1.9.7.jar;C:\Users\hamsa\.m2\repository\org\springframework\boot\spring-boot-starter-jdbc\2.7.12\spring-boot-starter-jdbc-2.7.12.jar;C:\Users\hamsa\.m2\repository\com\zaxxer\HikariCP\4.0.3\HikariCP-4.0.3.jar;C:\Users\hamsa\.m2\repository\org\springframework\spring-jdbc\5.3.27\spring-jdbc-5.3.27.jar;C:\Users\hamsa\.m2\repository\jakarta\transaction\jakarta.transaction-api\1.3.3\jakarta.transaction-api-1.3.3.jar;C:\Users\hamsa\.m2\repository\jakarta\persistence\jakarta.persistence-api\2.2.3\jakarta.persistence-api-2.2.3.jar;C:\Users\hamsa\.m2\repository\org\hibernate\hibernate-core\5.6.15.Final\hibernate-core-5.6.15.Final.jar;C:\Users\hamsa\.m2\repository\org\jboss\logging\jboss-logging\3.4.3.Final\jboss-logging-3.4.3.Final.jar;C:\Users\hamsa\.m2\repository\net\bytebuddy\byte-buddy\1.12.23\byte-buddy-1.12.23.jar;C:\Users\hamsa\.m2\repository\antlr\antlr\2.7.7\antlr-2.7.7.jar;C:\Users\hamsa\.m2\repository\org\jboss\jandex\2.4.2.Final\jandex-2.4.2.Final.jar;C:\Users\hamsa\.m2\repository\com\fasterxml\classmate\1.5.1\classmate-1.5.1.jar;C:\Users\hamsa\.m2\repository\org\hibernate\common\hibernate-commons-annotations\5.1.2.Final\hibernate-commons-annotations-5.1.2.Final.jar;C:\Users\hamsa\.m2\repository\org\glassfish\jaxb\jaxb-runtime\2.3.8\jaxb-runtime-2.3.8.jar;C:\Users\hamsa\.m2\repository\org\glassfish\jaxb\txw2\2.3.8\txw2-2.3.8.jar;C:\Users\hamsa\.m2\repository\com\sun\istack\istack-commons-runtime\3.0.12\istack-commons-runtime-3.0.12.jar;
Launcher Type: SUN_STANDARD

[Global flags]
     intx CICompilerCount                          = 4                                         {product} {ergonomic}
     uint ConcGCThreads                            = 2                                         {product} {ergonomic}
     uint G1ConcRefinementThreads                  = 8                                         {product} {ergonomic}
   size_t G1HeapRegionSize                         = 1048576                                   {product} {ergonomic}
    uintx GCDrainStackTargetSize                   = 64                                        {product} {ergonomic}
   size_t InitialHeapSize                          = 167772160                                 {product} {ergonomic}
   size_t MarkStackSize                            = 4194304                                   {product} {ergonomic}
   size_t MaxHeapSize                              = 2669674496                                {product} {ergonomic}
   size_t MaxNewSize                               = 1601175552                                {product} {ergonomic}
   size_t MinHeapDeltaBytes                        = 1048576                                   {product} {ergonomic}
    uintx NonNMethodCodeHeapSize                   = 5836300                                {pd product} {ergonomic}
    uintx NonProfiledCodeHeapSize                  = 122910970                              {pd product} {ergonomic}
    uintx ProfiledCodeHeapSize                     = 122910970                              {pd product} {ergonomic}
    uintx ReservedCodeCacheSize                    = 251658240                              {pd product} {ergonomic}
     bool SegmentedCodeCache                       = true                                      {product} {ergonomic}
     bool UseCompressedClassPointers               = true                                 {lp64_product} {ergonomic}
     bool UseCompressedOops                        = true                                 {lp64_product} {ergonomic}
     bool UseG1GC                                  = true                                      {product} {ergonomic}
     bool UseLargePagesIndividualAllocation        = false                                  {pd product} {ergonomic}

Logging:
Log output configuration:
 #0: stdout all=warning uptime,level,tags
 #1: stderr all=off uptime,level,tags

Environment Variables:
PATH=C:\Python311\Scripts\;C:\Python311\;C:\Program Files\Java\jdk-11.0.7\bin;C:\apache-maven-3.6.3\bin;C:\spring-2.3.4.RELEASE\bin;C:\Program Files (x86)\Microsoft SDKs\Azure\CLI2\wbin;C:\WINDOWS\system32;C:\WINDOWS;C:\WINDOWS\System32\Wbem;C:\WINDOWS\System32\WindowsPowerShell\v1.0\;C:\WINDOWS\System32\OpenSSH\;C:\Program Files\PuTTY\;C:\ProgramData\chocolatey\bin;C:\Program Files\dotnet\;C:\Program Files\Cloud Foundry;C:\Program Files (x86)\Microsoft SQL Server\150\DTS\Binn\;C:\Program Files (x86)\Pulse Secure\VC142.CRT\X64\;C:\Program Files (x86)\Pulse Secure\VC142.CRT\X86\;C:\Program Files\Git\cmd;C:\Program Files\Amazon\AWSCLIV2\;C:\Users\hamsa\AppData\Local\Programs\Python\Python39\Script;C:\Program Files (x86)\nodejs\;C:\Program Files\MySQL\MySQL Shell 8.0\bin\;C:\Program Files\Java\jdk-11.0.7\bin;C:\Users\hamsa\anaconda3;C:\Users\hamsa\anaconda3\Library\mingw-w64\bin;C:\Users\hamsa\anaconda3\Library\usr\bin;C:\Users\hamsa\anaconda3\Library\bin;C:\Users\hamsa\anaconda3\Scripts;C:\Users\hamsa\AppData\Local\Microsoft\WindowsApps;C:\Program Files\JetBrains\PyCharm Community Edition 2023.1\bin;;C:\Users\hamsa\AppData\Local\Programs\Microsoft VS Code\bin;C:\Program Files\JetBrains\PyCharm 2020.1.3\bin;;C:\Program Files\clidriver\bin;C:\Program Files\clidriver\db2;C:\Program Files\clidriver\lib;C:\apache-maven-3.6.3\bin;C:\Users\hamsa\AppData\Local\Programs\espanso;C:\Users\hamsa\AppData\Local\GitHubDesktop\bin;C:\Users\hamsa\AppData\Local\Programs\Python\Python39\Scripts;C:\Users\hamsa\AppData\Roaming\npm;C:\Program Files\JetBrains\IntelliJ IDEA Community Edition 2023.1.2\bin;
USERNAME=hamsa
OS=Windows_NT
PROCESSOR_IDENTIFIER=AMD64 Family 23 Model 24 Stepping 1, AuthenticAMD



---------------  S Y S T E M  ---------------

OS: Windows 10 , 64 bit Build 19041 (10.0.19041.2913)

CPU:total 8 (initial active 8) (8 cores per cpu, 2 threads per core) family 23 model 24 stepping 1, cmov, cx8, fxsr, mmx, sse, sse2, sse3, ssse3, sse4.1, sse4.2, popcnt, avx, avx2, aes, clmul, mmxext, 3dnowpref, lzcnt, sse4a, ht, tsc, tscinvbit, tscinv, bmi1, bmi2, adx, sha, fma

Memory: 4k page, system-wide physical 10178M (358M free)
TotalPageFile size 22678M (AvailPageFile size 29M)
current process WorkingSet (physical memory assigned to process): 274M, peak: 274M
current process commit charge ("private bytes"): 356M, peak: 388M

vm_info: Java HotSpot(TM) 64-Bit Server VM (11.0.7+8-LTS) for windows-amd64 JRE (11.0.7+8-LTS), built on Mar 12 2020 02:04:32 by "mach5one" with MS VC++ 15.5 (VS2017)

END.
